<?xml version="1.0" encoding="UTF-8"?>
<testng-results ignored="0" total="1" passed="1" failed="0" skipped="0">
  <reporter-output>
  </reporter-output>
  <suite started-at="2020-10-30T10:45:49 CDT" name="Default suite" finished-at="2020-10-30T10:46:00 CDT" duration-ms="10779">
    <groups>
    </groups>
    <test started-at="2020-10-30T10:45:49 CDT" name="Default test" finished-at="2020-10-30T10:46:00 CDT" duration-ms="10779">
      <class name="com.tests.PSIBookStoreTest">
        <test-method is-config="true" signature="launchBrowser()[pri:0, instance:com.tests.PSIBookStoreTest@75329a49]" started-at="2020-10-30T10:45:49 CDT" name="launchBrowser" finished-at="2020-10-30T10:45:56 CDT" duration-ms="7369" status="PASS">
          <reporter-output>
          </reporter-output>
        </test-method> <!-- launchBrowser -->
        <test-method is-config="true" signature="NavigateToPSIBookstore()[pri:0, instance:com.tests.PSIBookStoreTest@75329a49]" started-at="2020-10-30T10:45:56 CDT" name="NavigateToPSIBookstore" finished-at="2020-10-30T10:45:56 CDT" duration-ms="198" status="PASS">
          <reporter-output>
          </reporter-output>
        </test-method> <!-- NavigateToPSIBookstore -->
        <test-method signature="PSIBookstorePage()[pri:0, instance:com.tests.PSIBookStoreTest@75329a49]" started-at="2020-10-30T10:45:56 CDT" name="PSIBookstorePage" finished-at="2020-10-30T10:46:00 CDT" duration-ms="3160" status="PASS">
          <reporter-output>
          </reporter-output>
        </test-method> <!-- PSIBookstorePage -->
      </class> <!-- com.tests.PSIBookStoreTest -->
    </test> <!-- Default test -->
  </suite> <!-- Default suite -->
</testng-results>
